#
# There is insufficient memory for the Java Runtime Environment to continue.
# Native memory allocation (malloc) failed to allocate 1048576 bytes for AllocateHeap
# Possible reasons:
#   The system is out of physical RAM or swap space
#   In 32 bit mode, the process size limit was hit
# Possible solutions:
#   Reduce memory load on the system
#   Increase physical memory or swap space
#   Check if swap backing store is full
#   Use 64 bit Java on a 64 bit OS
#   Decrease Java heap size (-Xmx/-Xms)
#   Decrease number of Java threads
#   Decrease Java thread stack sizes (-Xss)
#   Set larger code cache with -XX:ReservedCodeCacheSize=
# This output file may be truncated or incomplete.
#
#  Out of Memory Error (memory/allocation.inline.hpp:61), pid=3300, tid=0x00000000000037f8
#
# JRE version:  (8.0_144-b01) (build )
# Java VM: Java HotSpot(TM) 64-Bit Server VM (25.144-b01 mixed mode windows-amd64 compressed oops)
# Failed to write core dump. Minidumps are not enabled by default on client versions of Windows
#

---------------  T H R E A D  ---------------

Current thread (0x00000000030a0800):  JavaThread "Unknown thread" [_thread_in_vm, id=14328, stack(0x0000000002fa0000,0x00000000030a0000)]

Stack: [0x0000000002fa0000,0x00000000030a0000]
[error occurred during error reporting (printing stack bounds), id 0xc0000005]

Native frames: (J=compiled Java code, j=interpreted, Vv=VM code, C=native code)


---------------  P R O C E S S  ---------------

Java Threads: ( => current thread )

Other Threads:

=>0x00000000030a0800 (exited) JavaThread "Unknown thread" [_thread_in_vm, id=14328, stack(0x0000000002fa0000,0x00000000030a0000)]

VM state:not at safepoint (normal execution)

VM Mutex/Monitor currently owned by a thread: None

Heap:
 PSYoungGen      total 38400K, used 665K [0x00000000d5f00000, 0x00000000d8980000, 0x0000000100000000)
  eden space 33280K, 2% used [0x00000000d5f00000,0x00000000d5fa6670,0x00000000d7f80000)
  from space 5120K, 0% used [0x00000000d8480000,0x00000000d8480000,0x00000000d8980000)
  to   space 5120K, 0% used [0x00000000d7f80000,0x00000000d7f80000,0x00000000d8480000)
 ParOldGen       total 87552K, used 0K [0x0000000081c00000, 0x0000000087180000, 0x00000000d5f00000)
  object space 87552K, 0% used [0x0000000081c00000,0x0000000081c00000,0x0000000087180000)
 Metaspace       used 752K, capacity 1092K, committed 1152K, reserved 1060864K
  class space    used 75K, capacity 384K, committed 384K, reserved 1048576K

Card table byte_map: [0x0000000012560000,0x0000000012960000] byte_map_base: 0x0000000012152000

Marking Bits: (ParMarkBitMap*) 0x000000006929d850
 Begin Bits: [0x0000000013010000, 0x0000000014fa0000)
 End Bits:   [0x0000000014fa0000, 0x0000000016f30000)

Polling page: 0x0000000001170000

CodeCache: size=245760Kb used=328Kb max_used=328Kb free=245431Kb
 bounds [0x00000000031a0000, 0x0000000003410000, 0x00000000121a0000]
 total_blobs=58 nmethods=0 adapters=38
 compilation: enabled

Compilation events (0 events):
No events

GC Heap History (0 events):
No events

Deoptimization events (0 events):
No events

Internal exceptions (0 events):
No events

Events (10 events):
Event: 0.046 loading class java/lang/Short
Event: 0.046 loading class java/lang/Short done
Event: 0.046 loading class java/lang/Integer
Event: 0.046 loading class java/lang/Integer done
Event: 0.046 loading class java/lang/Long
Event: 0.046 loading class java/lang/Long done
Event: 0.047 loading class java/lang/NullPointerException
Event: 0.047 loading class java/lang/NullPointerException done
Event: 0.047 loading class java/lang/ArithmeticException
Event: 0.047 loading class java/lang/ArithmeticException done


Dynamic libraries:
0x00007ff637d60000 - 0x00007ff637d97000 	C:\Program Files\Java\jre1.8.0_144\bin\javaw.exe
0x00007ffbbddf0000 - 0x00007ffbbdfcb000 	C:\WINDOWS\SYSTEM32\ntdll.dll
0x00007ffbbcab0000 - 0x00007ffbbcb5e000 	C:\WINDOWS\System32\KERNEL32.DLL
0x00007ffbba590000 - 0x00007ffbba7d9000 	C:\WINDOWS\System32\KERNELBASE.dll
0x00007ffbbcbf0000 - 0x00007ffbbcc91000 	C:\WINDOWS\System32\ADVAPI32.dll
0x00007ffbbcf30000 - 0x00007ffbbcfcd000 	C:\WINDOWS\System32\msvcrt.dll
0x00007ffbbd180000 - 0x00007ffbbd1d9000 	C:\WINDOWS\System32\sechost.dll
0x00007ffbbc8e0000 - 0x00007ffbbca05000 	C:\WINDOWS\System32\RPCRT4.dll
0x00007ffbbcde0000 - 0x00007ffbbcf2a000 	C:\WINDOWS\System32\USER32.dll
0x00007ffbbb330000 - 0x00007ffbbb34e000 	C:\WINDOWS\System32\win32u.dll
0x00007ffbbc8b0000 - 0x00007ffbbc8d7000 	C:\WINDOWS\System32\GDI32.dll
0x00007ffbba310000 - 0x00007ffbba498000 	C:\WINDOWS\System32\gdi32full.dll
0x00007ffbba4a0000 - 0x00007ffbba53a000 	C:\WINDOWS\System32\msvcp_win.dll
0x00007ffbbb230000 - 0x00007ffbbb326000 	C:\WINDOWS\System32\ucrtbase.dll
0x00007ffbb0b90000 - 0x00007ffbb0df7000 	C:\WINDOWS\WinSxS\amd64_microsoft.windows.common-controls_6595b64144ccf1df_6.0.15063.483_none_26002d27e7c744a2\COMCTL32.dll
0x00007ffbbd1f0000 - 0x00007ffbbd4e9000 	C:\WINDOWS\System32\combase.dll
0x00007ffbba890000 - 0x00007ffbba8fa000 	C:\WINDOWS\System32\bcryptPrimitives.dll
0x00007ffbbdaa0000 - 0x00007ffbbdacd000 	C:\WINDOWS\System32\IMM32.DLL
0x0000000069500000 - 0x00000000695d2000 	C:\Program Files\Java\jre1.8.0_144\bin\msvcr100.dll
0x0000000068a80000 - 0x000000006931d000 	C:\Program Files\Java\jre1.8.0_144\bin\server\jvm.dll
0x00007ffbbd1e0000 - 0x00007ffbbd1e8000 	C:\WINDOWS\System32\PSAPI.DLL
0x00007ffbb69d0000 - 0x00007ffbb69d9000 	C:\WINDOWS\SYSTEM32\WSOCK32.dll
0x00007ffbbcb80000 - 0x00007ffbbcbec000 	C:\WINDOWS\System32\WS2_32.dll
0x00007ffbb25a0000 - 0x00007ffbb25c3000 	C:\WINDOWS\SYSTEM32\WINMM.dll
0x00007ffbb2590000 - 0x00007ffbb259a000 	C:\WINDOWS\SYSTEM32\VERSION.dll
0x00007ffbb2560000 - 0x00007ffbb258b000 	C:\WINDOWS\SYSTEM32\WINMMBASE.dll
0x00007ffbba540000 - 0x00007ffbba589000 	C:\WINDOWS\System32\cfgmgr32.dll
0x000000006b830000 - 0x000000006b83f000 	C:\Program Files\Java\jre1.8.0_144\bin\verify.dll
0x0000000069830000 - 0x0000000069859000 	C:\Program Files\Java\jre1.8.0_144\bin\java.dll
0x0000000069810000 - 0x0000000069826000 	C:\Program Files\Java\jre1.8.0_144\bin\zip.dll

VM Arguments:
jvm_args: -Dfile.encoding=Cp1252 
java_command: Dima.Form.Tp.Vue.Main
java_class_path (initial): C:\Users\Dimaconsulting\workspaceKhalil\FirstTP\bin
Launcher Type: SUN_STANDARD

Environment Variables:
PATH=C:/Program Files/Java/jre1.8.0_144/bin/server;C:/Program Files/Java/jre1.8.0_144/bin;C:/Program Files/Java/jre1.8.0_144/lib/amd64;C:\ProgramData\Oracle\Java\javapath;C:\Program Files (x86)\Intel\iCLS Client\;C:\Program Files\Intel\iCLS Client\;C:\Windows\system32;C:\Windows;C:\Windows\System32\Wbem;C:\Windows\System32\WindowsPowerShell\v1.0\;C:\Program Files (x86)\Intel\Intel(R) Management Engine Components\DAL;C:\Program Files\Intel\Intel(R) Management Engine Components\DAL;C:\Program Files (x86)\Intel\Intel(R) Management Engine Components\IPT;C:\Program Files\Intel\Intel(R) Management Engine Components\IPT;C:\Program Files (x86)\NVIDIA Corporation\PhysX\Common;C:\WINDOWS\system32;C:\WINDOWS;C:\WINDOWS\System32\Wbem;C:\WINDOWS\System32\WindowsPowerShell\v1.0\;C:\Program Files\Git\cmd;C:\Program Files\nodejs\;C:\Program Files\MySQL\MySQL Enterprise Backup 4.1\;C:\Program Files\MySQL\MySQL Utilities 1.6\;D:\dev\outils\apache-maven-3.5.0-bin\apache-maven-3.5.0\bin;C:\Program Files\Java\jdk1.8.0_131\bin;C:\Users\Dimaconsulting\AppData\Local\Microsoft\WindowsApps;C:\Users\Dimaconsulting\AppData\Roaming\npm;C:\Users\Dimaconsulting\Desktop\eclipse;
USERNAME=Dimaconsulting
OS=Windows_NT
PROCESSOR_IDENTIFIER=Intel64 Family 6 Model 142 Stepping 9, GenuineIntel



---------------  S Y S T E M  ---------------

OS: Windows 10.0 , 64 bit Build 15063 (10.0.15063.296)

CPU:total 4 (initial active 4) (2 cores per cpu, 2 threads per core) family 6 model 142 stepping 9, cmov, cx8, fxsr, mmx, sse, sse2, sse3, ssse3, sse4.1, sse4.2, popcnt, avx, avx2, aes, clmul, erms, 3dnowpref, lzcnt, ht, tsc, tscinvbit, bmi1, bmi2, adx

Memory: 4k page, physical 8268792k(3098512k free), swap 23755368k(5516k free)

vm_info: Java HotSpot(TM) 64-Bit Server VM (25.144-b01) for windows-amd64 JRE (1.8.0_144-b01), built on Jul 21 2017 21:57:33 by "java_re" with MS VC++ 10.0 (VS2010)

time: Tue Oct 10 09:47:00 2017
elapsed time: 0 seconds (0d 0h 0m 0s)

